Command line:
   trafo_isim_beh.exe
     -simmode  gui
     -simrunnum  0
     -socket  43235

Thu Nov 20 16:54:34 2025


 Elaboration Time: 0.49 sec

 Current Memory Usage: 215.757 Meg

 Total Signals          : 24
 Total Nets             : 192
 Total Signal Drivers   : 4
 Total Blocks           : 9
 Total Primitive Blocks : 8
 Total Processes        : 4
 Total Traceable Variables  : 15
 Total Scalar Nets and Variables : 693
Total Line Count : 32

 Total Simulation Time: 0.52 sec

 Current Memory Usage: 293.356 Meg

Thu Nov 20 16:54:43 2025

