Command line:
   tb_mulop_isim_beh.exe
     -simmode  gui
     -simrunnum  0
     -socket  59374

Sun Nov 16 21:53:40 2025


 Elaboration Time: 0.3 sec

 Current Memory Usage: 215.511 Meg

 Total Signals          : 6
 Total Nets             : 48
 Total Signal Drivers   : 3
 Total Blocks           : 4
 Total Primitive Blocks : 3
 Total Processes        : 2
 Total Traceable Variables  : 14
 Total Scalar Nets and Variables : 532
Total Line Count : 39

 Total Simulation Time: 0.33 sec

 Current Memory Usage: 293.11 Meg

Sun Nov 16 21:57:34 2025

