Release 14.7 - xst P.20131013 (lin64)
Copyright (c) 1995-2013 Xilinx, Inc.  All rights reserved.
--> 
Parameter TMPDIR set to xst/projnav.tmp


Total REAL time to Xst completion: 0.00 secs
Total CPU time to Xst completion: 0.42 secs
 
--> 
Parameter xsthdpdir set to xst


Total REAL time to Xst completion: 0.00 secs
Total CPU time to Xst completion: 0.42 secs
 
--> 
Reading design: idea_com.prj

TABLE OF CONTENTS
  1) Synthesis Options Summary
  2) HDL Compilation
  3) Design Hierarchy Analysis
  4) HDL Analysis
  5) HDL Synthesis
     5.1) HDL Synthesis Report
  6) Advanced HDL Synthesis
     6.1) Advanced HDL Synthesis Report
  7) Low Level Synthesis
  8) Partition Report
  9) Final Report
	9.1) Device utilization summary
	9.2) Partition Resource Summary
	9.3) TIMING REPORT


=========================================================================
*                      Synthesis Options Summary                        *
=========================================================================
---- Source Parameters
Input File Name                    : "idea_com.prj"
Input Format                       : mixed
Ignore Synthesis Constraint File   : NO

---- Target Parameters
Output File Name                   : "idea_com"
Output Format                      : NGC
Target Device                      : xc3s500e-4-fg320

---- Source Options
Top Module Name                    : idea_com
Automatic FSM Extraction           : YES
FSM Encoding Algorithm             : Auto
Safe Implementation                : No
FSM Style                          : LUT
RAM Extraction                     : Yes
RAM Style                          : Auto
ROM Extraction                     : Yes
Mux Style                          : Auto
Decoder Extraction                 : YES
Priority Encoder Extraction        : Yes
Shift Register Extraction          : YES
Logical Shifter Extraction         : YES
XOR Collapsing                     : YES
ROM Style                          : Auto
Mux Extraction                     : Yes
Resource Sharing                   : YES
Asynchronous To Synchronous        : NO
Multiplier Style                   : Auto
Automatic Register Balancing       : No

---- Target Options
Add IO Buffers                     : YES
Global Maximum Fanout              : 100000
Add Generic Clock Buffer(BUFG)     : 24
Register Duplication               : YES
Slice Packing                      : YES
Optimize Instantiated Primitives   : NO
Use Clock Enable                   : Yes
Use Synchronous Set                : Yes
Use Synchronous Reset              : Yes
Pack IO Registers into IOBs        : Auto
Equivalent register Removal        : YES

---- General Options
Optimization Goal                  : Speed
Optimization Effort                : 1
Keep Hierarchy                     : No
Netlist Hierarchy                  : As_Optimized
RTL Output                         : Yes
Global Optimization                : AllClockNets
Read Cores                         : YES
Write Timing Constraints           : NO
Cross Clock Analysis               : NO
Hierarchy Separator                : /
Bus Delimiter                      : <>
Case Specifier                     : Maintain
Slice Utilization Ratio            : 100
BRAM Utilization Ratio             : 100
Verilog 2001                       : YES
Auto BRAM Packing                  : NO
Slice Utilization Ratio Delta      : 5

=========================================================================


=========================================================================
*                          HDL Compilation                              *
=========================================================================
Compiling vhdl file "/home/ise/VHDL_Lab_workspace/VHDL_System_Design_Lab/submit/rcs2/mux4x1.vhd" in Library work.
Architecture behavioral of Entity mux4x1 is up to date.
Compiling vhdl file "/home/ise/VHDL_Lab_workspace/VHDL_System_Design_Lab/submit/rcs2/mulop.vhd" in Library work.
Entity <mulop> compiled.
Entity <mulop> (Architecture <Behavioral>) compiled.
Compiling vhdl file "/home/ise/VHDL_Lab_workspace/VHDL_System_Design_Lab/submit/rcs2/addop.vhd" in Library work.
Entity <addop> compiled.
Entity <addop> (Architecture <Behavioral>) compiled.
Compiling vhdl file "/home/ise/VHDL_Lab_workspace/VHDL_System_Design_Lab/submit/rcs2/xorop.vhd" in Library work.
Entity <xorop> compiled.
Entity <xorop> (Architecture <Behavioral>) compiled.
Compiling vhdl file "/home/ise/VHDL_Lab_workspace/VHDL_System_Design_Lab/submit/rcs2/reg16.vhd" in Library work.
Entity <reg16> compiled.
Entity <reg16> (Architecture <Behavioral>) compiled.
Compiling vhdl file "/home/ise/VHDL_Lab_workspace/VHDL_System_Design_Lab/submit/rcs2/control.vhd" in Library work.
Entity <control> compiled.
Entity <control> (Architecture <Behavioral>) compiled.
Compiling vhdl file "/home/ise/VHDL_Lab_workspace/VHDL_System_Design_Lab/submit/rcs2/datapath.vhd" in Library work.
Entity <datapath> compiled.
Entity <datapath> (Architecture <Behavioral>) compiled.
Compiling vhdl file "/home/ise/VHDL_Lab_workspace/VHDL_System_Design_Lab/submit/rcs2/mux2x1.vhd" in Library work.
Entity <mux2x1> compiled.
Entity <mux2x1> (Architecture <Behavioral>) compiled.
Compiling vhdl file "/home/ise/VHDL_Lab_workspace/VHDL_System_Design_Lab/submit/rcs2/keygen.vhd" in Library work.
Entity <keygen> compiled.
Entity <keygen> (Architecture <Behavioral>) compiled.
Compiling vhdl file "/home/ise/VHDL_Lab_workspace/VHDL_System_Design_Lab/submit/rcs2/clockedround.vhd" in Library work.
Entity <clockedround> compiled.
Entity <clockedround> (Architecture <Structural>) compiled.
Compiling vhdl file "/home/ise/VHDL_Lab_workspace/VHDL_System_Design_Lab/submit/rcs2/roundcounter.vhd" in Library work.
Entity <roundcounter> compiled.
ERROR:HDLParsers:164 - "/home/ise/VHDL_Lab_workspace/VHDL_System_Design_Lab/submit/rcs2/roundcounter.vhd" Line 22. parse error, unexpected SIGNAL, expecting SEMICOLON
ERROR:HDLParsers:3312 - "/home/ise/VHDL_Lab_workspace/VHDL_System_Design_Lab/submit/rcs2/roundcounter.vhd" Line 29. Undefined symbol 'current_state'.
ERROR:HDLParsers:1209 - "/home/ise/VHDL_Lab_workspace/VHDL_System_Design_Lab/submit/rcs2/roundcounter.vhd" Line 29. current_state: Undefined symbol (last report in this block)
ERROR:HDLParsers:3313 - "/home/ise/VHDL_Lab_workspace/VHDL_System_Design_Lab/submit/rcs2/roundcounter.vhd" Line 34. Undefined symbol 'round_counter'.  Should it be: roundcounter?
ERROR:HDLParsers:1209 - "/home/ise/VHDL_Lab_workspace/VHDL_System_Design_Lab/submit/rcs2/roundcounter.vhd" Line 45. round_counter: Undefined symbol (last report in this block)
ERROR:HDLParsers:3312 - "/home/ise/VHDL_Lab_workspace/VHDL_System_Design_Lab/submit/rcs2/roundcounter.vhd" Line 59. Undefined symbol 'current_state'.
ERROR:HDLParsers:1209 - "/home/ise/VHDL_Lab_workspace/VHDL_System_Design_Lab/submit/rcs2/roundcounter.vhd" Line 59. current_state: Undefined symbol (last report in this block)
ERROR:HDLParsers:3313 - "/home/ise/VHDL_Lab_workspace/VHDL_System_Design_Lab/submit/rcs2/roundcounter.vhd" Line 61. Undefined symbol 'round_counter'.  Should it be: roundcounter?
ERROR:HDLParsers:1209 - "/home/ise/VHDL_Lab_workspace/VHDL_System_Design_Lab/submit/rcs2/roundcounter.vhd" Line 61. round_counter: Undefined symbol (last report in this block)
--> 


Total memory usage is 588336 kilobytes

Number of errors   :    9 (   0 filtered)
Number of warnings :    0 (   0 filtered)
Number of infos    :    0 (   0 filtered)

