ISim log file
Running: /home/ise/VHDL_Lab_workspace/VHDL_System_Design_Lab/submit/rcs2/tb_idea_rcs2_isim_beh.exe -intstyle ise -gui -tclbatch isim.cmd -wdb /home/ise/VHDL_Lab_workspace/VHDL_System_Design_Lab/submit/rcs2/tb_idea_rcs2_isim_beh.wdb 
ISim P.20131013 (signature 0xfbc00daa)
This is a Full version of ISim.
Time resolution is 1 ps
# onerror resume
# wave add /
# run 1000 ns
Simulator is doing circuit initialization process.
at 0 ps, Instance /tb_idea_rcs2/uut/clocked_round/round_datapath/mulop0/ : Warning: NUMERIC_STD.">=": metavalue detected, returning FALSE
at 0 ps, Instance /tb_idea_rcs2/uut/clocked_round/round_datapath/mulop0/ : Warning: NUMERIC_STD."=": metavalue detected, returning FALSE
at 0 ps, Instance /tb_idea_rcs2/uut/clocked_round/round_datapath/addop0/ : Warning: There is an 'U'|'X'|'W'|'Z'|'-' in an arithmetic operand, the result will be 'X'(es).
Finished circuit initialization process.
at 0 ps, Instance /tb_idea_rcs2/uut/clocked_round/round_datapath/mulop0/ : Warning: NUMERIC_STD.">=": metavalue detected, returning FALSE
at 0 ps, Instance /tb_idea_rcs2/uut/clocked_round/round_datapath/mulop0/ : Warning: NUMERIC_STD."=": metavalue detected, returning FALSE
at 0 ps, Instance /tb_idea_rcs2/uut/clocked_round/round_datapath/mulop0/ : Warning: NUMERIC_STD.">=": metavalue detected, returning FALSE
at 0 ps, Instance /tb_idea_rcs2/uut/clocked_round/round_datapath/mulop0/ : Warning: NUMERIC_STD."=": metavalue detected, returning FALSE
# restart
# run 4.00us
Simulator is doing circuit initialization process.
at 0 ps, Instance /tb_idea_rcs2/uut/clocked_round/round_datapath/mulop0/ : Warning: NUMERIC_STD.">=": metavalue detected, returning FALSE
at 0 ps, Instance /tb_idea_rcs2/uut/clocked_round/round_datapath/mulop0/ : Warning: NUMERIC_STD."=": metavalue detected, returning FALSE
Finished circuit initialization process.
at 0 ps, Instance /tb_idea_rcs2/uut/clocked_round/round_datapath/mulop0/ : Warning: NUMERIC_STD.">=": metavalue detected, returning FALSE
at 0 ps, Instance /tb_idea_rcs2/uut/clocked_round/round_datapath/mulop0/ : Warning: NUMERIC_STD."=": metavalue detected, returning FALSE
at 0 ps, Instance /tb_idea_rcs2/uut/clocked_round/round_datapath/mulop0/ : Warning: NUMERIC_STD.">=": metavalue detected, returning FALSE
at 0 ps, Instance /tb_idea_rcs2/uut/clocked_round/round_datapath/mulop0/ : Warning: NUMERIC_STD."=": metavalue detected, returning FALSE
# exit 0
