ISim log file
Running: /home/ise/VHDL_Lab_workspace/VHDL_System_Design_Lab/submit/rcs1/tb_idea_single_isim_beh.exe -intstyle ise -gui -tclbatch isim.cmd -wdb /home/ise/VHDL_Lab_workspace/VHDL_System_Design_Lab/submit/rcs1/tb_idea_single_isim_beh.wdb 
ISim P.20131013 (signature 0xfbc00daa)
----------------------------------------------------------------------
INFO:Security:61 - The XILINXD_LICENSE_FILE environment variable is not set.
INFO:Security:63 - The LM_LICENSE_FILE environment variable is not set.
INFO:Security:68 - For more information or for assistance in obtaining 
 a license, please run the Xilinx License Configuration Manager
       (xlcm or "Manage Xilinx Licenses".)
INFO:Security:68a - user is ise, on host localhost.localdomain.
INFO:Security:15 - A feature for ISIM was found but is for the wrong hostid.
ERROR:Security:14 - No feature was available for 'ISIM'.

Invalid host.
 The hostid of this system does not match the hostid
 specified in the license file.
Feature:       ISIM
Hostid:        08002768c935
License path:  /home/ise/.Xilinx/Xilinx.lic:/opt/Xilinx/14.7/ISE_DS/ISE//data/*.lic:/opt/Xilinx/14.7/ISE_DS/ISE//coregen/core_licenses/Xilinx.lic:/opt/Xilinx/14.7/ISE_DS/ISE//coregen/core_licenses/XilinxFree.lic:/opt/Xilinx/14.7/ISE_DS/EDK/data/core_licenses/Xilinx.lic:
FLEXnet Licensing error:-9,57
For further information, refer to the FLEXnet Licensing documentation,
available at "www.flexerasoftware.com".
----------------------------------------------------------------------
WARNING: A full ISim License cannot be checked out due to the issues listed above. Please use Xilinx License Configuration Manager to fix these issues in order to check out a full ISim license.
WARNING: ISim will run in Lite mode. Please refer to the ISim documentation for more information on the differences between the Lite and the Full version.
This is a Lite version of ISim.
Time resolution is 1 ps
# onerror resume
# wave add /
# run 1000 ns
Simulator is doing circuit initialization process.
at 0 ps, Instance /tb_idea_single/uut/round1/mul0/ : Warning: NUMERIC_STD.">=": metavalue detected, returning FALSE
at 0 ps, Instance /tb_idea_single/uut/round1/mul0/ : Warning: NUMERIC_STD."=": metavalue detected, returning FALSE
at 0 ps, Instance /tb_idea_single/uut/round1/add0/ : Warning: There is an 'U'|'X'|'W'|'Z'|'-' in an arithmetic operand, the result will be 'X'(es).
at 0 ps, Instance /tb_idea_single/uut/round1/mul1/ : Warning: NUMERIC_STD.">=": metavalue detected, returning FALSE
at 0 ps, Instance /tb_idea_single/uut/round1/mul1/ : Warning: NUMERIC_STD."=": metavalue detected, returning FALSE
at 0 ps, Instance /tb_idea_single/uut/round1/mul2/ : Warning: NUMERIC_STD.">=": metavalue detected, returning FALSE
at 0 ps, Instance /tb_idea_single/uut/round1/mul2/ : Warning: NUMERIC_STD."=": metavalue detected, returning FALSE
at 0 ps, Instance /tb_idea_single/uut/round1/mul3/ : Warning: NUMERIC_STD.">=": metavalue detected, returning FALSE
at 0 ps, Instance /tb_idea_single/uut/round1/mul3/ : Warning: NUMERIC_STD."=": metavalue detected, returning FALSE
at 0 ps, Instance /tb_idea_single/uut/outtrafo/mul0/ : Warning: NUMERIC_STD.">=": metavalue detected, returning FALSE
at 0 ps, Instance /tb_idea_single/uut/outtrafo/mul0/ : Warning: NUMERIC_STD."=": metavalue detected, returning FALSE
at 0 ps, Instance /tb_idea_single/uut/outtrafo/mul1/ : Warning: NUMERIC_STD.">=": metavalue detected, returning FALSE
at 0 ps, Instance /tb_idea_single/uut/outtrafo/mul1/ : Warning: NUMERIC_STD."=": metavalue detected, returning FALSE
Finished circuit initialization process.
at 0 ps, Instance /tb_idea_single/uut/round1/mul0/ : Warning: NUMERIC_STD.">=": metavalue detected, returning FALSE
at 0 ps, Instance /tb_idea_single/uut/round1/mul0/ : Warning: NUMERIC_STD."=": metavalue detected, returning FALSE
at 0 ps, Instance /tb_idea_single/uut/outtrafo/mul0/ : Warning: NUMERIC_STD.">=": metavalue detected, returning FALSE
at 0 ps, Instance /tb_idea_single/uut/outtrafo/mul0/ : Warning: NUMERIC_STD."=": metavalue detected, returning FALSE
at 0 ps, Instance /tb_idea_single/uut/round1/mul1/ : Warning: NUMERIC_STD.">=": metavalue detected, returning FALSE
at 0 ps, Instance /tb_idea_single/uut/round1/mul1/ : Warning: NUMERIC_STD."=": metavalue detected, returning FALSE
at 0 ps, Instance /tb_idea_single/uut/outtrafo/mul1/ : Warning: NUMERIC_STD.">=": metavalue detected, returning FALSE
at 0 ps, Instance /tb_idea_single/uut/outtrafo/mul1/ : Warning: NUMERIC_STD."=": metavalue detected, returning FALSE
at 0 ps, Instance /tb_idea_single/uut/round1/mul2/ : Warning: NUMERIC_STD.">=": metavalue detected, returning FALSE
at 0 ps, Instance /tb_idea_single/uut/round1/mul2/ : Warning: NUMERIC_STD."=": metavalue detected, returning FALSE
at 0 ps, Instance /tb_idea_single/uut/round1/mul3/ : Warning: NUMERIC_STD.">=": metavalue detected, returning FALSE
at 0 ps, Instance /tb_idea_single/uut/round1/mul3/ : Warning: NUMERIC_STD."=": metavalue detected, returning FALSE
at 0 ps, Instance /tb_idea_single/uut/round1/mul0/ : Warning: NUMERIC_STD.">=": metavalue detected, returning FALSE
at 0 ps, Instance /tb_idea_single/uut/round1/mul0/ : Warning: NUMERIC_STD."=": metavalue detected, returning FALSE
at 0 ps, Instance /tb_idea_single/uut/round1/mul1/ : Warning: NUMERIC_STD.">=": metavalue detected, returning FALSE
at 0 ps, Instance /tb_idea_single/uut/round1/mul1/ : Warning: NUMERIC_STD."=": metavalue detected, returning FALSE
at 0 ps, Instance /tb_idea_single/uut/round1/mul2/ : Warning: NUMERIC_STD.">=": metavalue detected, returning FALSE
at 0 ps, Instance /tb_idea_single/uut/round1/mul2/ : Warning: NUMERIC_STD."=": metavalue detected, returning FALSE
ISim P.20131013 (signature 0xfbc00daa)
----------------------------------------------------------------------
INFO:Security:61 - The XILINXD_LICENSE_FILE environment variable is not set.
INFO:Security:63 - The LM_LICENSE_FILE environment variable is not set.
INFO:Security:68 - For more information or for assistance in obtaining 
 a license, please run the Xilinx License Configuration Manager
       (xlcm or "Manage Xilinx Licenses".)
INFO:Security:68a - user is ise, on host localhost.localdomain.
INFO:Security:15 - A feature for ISIM was found but is for the wrong hostid.
ERROR:Security:14 - No feature was available for 'ISIM'.

Invalid host.
 The hostid of this system does not match the hostid
 specified in the license file.
Feature:       ISIM
Hostid:        08002768c935
License path:  /home/ise/.Xilinx/Xilinx.lic:/opt/Xilinx/14.7/ISE_DS/ISE//data/*.lic:/opt/Xilinx/14.7/ISE_DS/ISE//coregen/core_licenses/Xilinx.lic:/opt/Xilinx/14.7/ISE_DS/ISE//coregen/core_licenses/XilinxFree.lic:/opt/Xilinx/14.7/ISE_DS/EDK/data/core_licenses/Xilinx.lic:
FLEXnet Licensing error:-9,57
For further information, refer to the FLEXnet Licensing documentation,
available at "www.flexerasoftware.com".
----------------------------------------------------------------------
WARNING: A full ISim License cannot be checked out due to the issues listed above. Please use Xilinx License Configuration Manager to fix these issues in order to check out a full ISim license.
WARNING: ISim will run in Lite mode. Please refer to the ISim documentation for more information on the differences between the Lite and the Full version.
This is a Lite version of ISim.
# run 1000 ns
Simulator is doing circuit initialization process.
at 0 ps, Instance /tb_idea_single/uut/round1/mul0/ : Warning: NUMERIC_STD.">=": metavalue detected, returning FALSE
at 0 ps, Instance /tb_idea_single/uut/round1/mul0/ : Warning: NUMERIC_STD."=": metavalue detected, returning FALSE
at 0 ps, Instance /tb_idea_single/uut/round1/add0/ : Warning: There is an 'U'|'X'|'W'|'Z'|'-' in an arithmetic operand, the result will be 'X'(es).
at 0 ps, Instance /tb_idea_single/uut/round1/mul1/ : Warning: NUMERIC_STD.">=": metavalue detected, returning FALSE
at 0 ps, Instance /tb_idea_single/uut/round1/mul1/ : Warning: NUMERIC_STD."=": metavalue detected, returning FALSE
at 0 ps, Instance /tb_idea_single/uut/round1/mul2/ : Warning: NUMERIC_STD.">=": metavalue detected, returning FALSE
at 0 ps, Instance /tb_idea_single/uut/round1/mul2/ : Warning: NUMERIC_STD."=": metavalue detected, returning FALSE
at 0 ps, Instance /tb_idea_single/uut/round1/mul3/ : Warning: NUMERIC_STD.">=": metavalue detected, returning FALSE
at 0 ps, Instance /tb_idea_single/uut/round1/mul3/ : Warning: NUMERIC_STD."=": metavalue detected, returning FALSE
at 0 ps, Instance /tb_idea_single/uut/outtrafo/mul0/ : Warning: NUMERIC_STD.">=": metavalue detected, returning FALSE
at 0 ps, Instance /tb_idea_single/uut/outtrafo/mul0/ : Warning: NUMERIC_STD."=": metavalue detected, returning FALSE
at 0 ps, Instance /tb_idea_single/uut/outtrafo/mul1/ : Warning: NUMERIC_STD.">=": metavalue detected, returning FALSE
at 0 ps, Instance /tb_idea_single/uut/outtrafo/mul1/ : Warning: NUMERIC_STD."=": metavalue detected, returning FALSE
Finished circuit initialization process.
at 0 ps, Instance /tb_idea_single/uut/round1/mul0/ : Warning: NUMERIC_STD.">=": metavalue detected, returning FALSE
at 0 ps, Instance /tb_idea_single/uut/round1/mul0/ : Warning: NUMERIC_STD."=": metavalue detected, returning FALSE
at 0 ps, Instance /tb_idea_single/uut/outtrafo/mul0/ : Warning: NUMERIC_STD.">=": metavalue detected, returning FALSE
at 0 ps, Instance /tb_idea_single/uut/outtrafo/mul0/ : Warning: NUMERIC_STD."=": metavalue detected, returning FALSE
at 0 ps, Instance /tb_idea_single/uut/round1/mul1/ : Warning: NUMERIC_STD.">=": metavalue detected, returning FALSE
at 0 ps, Instance /tb_idea_single/uut/round1/mul1/ : Warning: NUMERIC_STD."=": metavalue detected, returning FALSE
at 0 ps, Instance /tb_idea_single/uut/outtrafo/mul1/ : Warning: NUMERIC_STD.">=": metavalue detected, returning FALSE
at 0 ps, Instance /tb_idea_single/uut/outtrafo/mul1/ : Warning: NUMERIC_STD."=": metavalue detected, returning FALSE
at 0 ps, Instance /tb_idea_single/uut/round1/mul2/ : Warning: NUMERIC_STD.">=": metavalue detected, returning FALSE
at 0 ps, Instance /tb_idea_single/uut/round1/mul2/ : Warning: NUMERIC_STD."=": metavalue detected, returning FALSE
at 0 ps, Instance /tb_idea_single/uut/round1/mul3/ : Warning: NUMERIC_STD.">=": metavalue detected, returning FALSE
at 0 ps, Instance /tb_idea_single/uut/round1/mul3/ : Warning: NUMERIC_STD."=": metavalue detected, returning FALSE
at 0 ps, Instance /tb_idea_single/uut/round1/mul0/ : Warning: NUMERIC_STD.">=": metavalue detected, returning FALSE
at 0 ps, Instance /tb_idea_single/uut/round1/mul0/ : Warning: NUMERIC_STD."=": metavalue detected, returning FALSE
at 0 ps, Instance /tb_idea_single/uut/round1/mul1/ : Warning: NUMERIC_STD.">=": metavalue detected, returning FALSE
at 0 ps, Instance /tb_idea_single/uut/round1/mul1/ : Warning: NUMERIC_STD."=": metavalue detected, returning FALSE
at 0 ps, Instance /tb_idea_single/uut/round1/mul2/ : Warning: NUMERIC_STD.">=": metavalue detected, returning FALSE
at 0 ps, Instance /tb_idea_single/uut/round1/mul2/ : Warning: NUMERIC_STD."=": metavalue detected, returning FALSE
ISim P.20131013 (signature 0xfbc00daa)
----------------------------------------------------------------------
INFO:Security:61 - The XILINXD_LICENSE_FILE environment variable is not set.
INFO:Security:63 - The LM_LICENSE_FILE environment variable is not set.
INFO:Security:68 - For more information or for assistance in obtaining 
 a license, please run the Xilinx License Configuration Manager
       (xlcm or "Manage Xilinx Licenses".)
INFO:Security:68a - user is ise, on host localhost.localdomain.
INFO:Security:15 - A feature for ISIM was found but is for the wrong hostid.
ERROR:Security:14 - No feature was available for 'ISIM'.

Invalid host.
 The hostid of this system does not match the hostid
 specified in the license file.
Feature:       ISIM
Hostid:        08002768c935
License path:  /home/ise/.Xilinx/Xilinx.lic:/opt/Xilinx/14.7/ISE_DS/ISE//data/*.lic:/opt/Xilinx/14.7/ISE_DS/ISE//coregen/core_licenses/Xilinx.lic:/opt/Xilinx/14.7/ISE_DS/ISE//coregen/core_licenses/XilinxFree.lic:/opt/Xilinx/14.7/ISE_DS/EDK/data/core_licenses/Xilinx.lic:
FLEXnet Licensing error:-9,57
For further information, refer to the FLEXnet Licensing documentation,
available at "www.flexerasoftware.com".
----------------------------------------------------------------------
WARNING: A full ISim License cannot be checked out due to the issues listed above. Please use Xilinx License Configuration Manager to fix these issues in order to check out a full ISim license.
WARNING: ISim will run in Lite mode. Please refer to the ISim documentation for more information on the differences between the Lite and the Full version.
This is a Lite version of ISim.
# run 1000 ns
Simulator is doing circuit initialization process.
at 0 ps, Instance /tb_idea_single/uut/round1/mul0/ : Warning: NUMERIC_STD.">=": metavalue detected, returning FALSE
at 0 ps, Instance /tb_idea_single/uut/round1/mul0/ : Warning: NUMERIC_STD."=": metavalue detected, returning FALSE
at 0 ps, Instance /tb_idea_single/uut/round1/add0/ : Warning: There is an 'U'|'X'|'W'|'Z'|'-' in an arithmetic operand, the result will be 'X'(es).
at 0 ps, Instance /tb_idea_single/uut/round1/mul1/ : Warning: NUMERIC_STD.">=": metavalue detected, returning FALSE
at 0 ps, Instance /tb_idea_single/uut/round1/mul1/ : Warning: NUMERIC_STD."=": metavalue detected, returning FALSE
at 0 ps, Instance /tb_idea_single/uut/round1/mul2/ : Warning: NUMERIC_STD.">=": metavalue detected, returning FALSE
at 0 ps, Instance /tb_idea_single/uut/round1/mul2/ : Warning: NUMERIC_STD."=": metavalue detected, returning FALSE
at 0 ps, Instance /tb_idea_single/uut/round1/mul3/ : Warning: NUMERIC_STD.">=": metavalue detected, returning FALSE
at 0 ps, Instance /tb_idea_single/uut/round1/mul3/ : Warning: NUMERIC_STD."=": metavalue detected, returning FALSE
at 0 ps, Instance /tb_idea_single/uut/outtrafo/mul0/ : Warning: NUMERIC_STD.">=": metavalue detected, returning FALSE
at 0 ps, Instance /tb_idea_single/uut/outtrafo/mul0/ : Warning: NUMERIC_STD."=": metavalue detected, returning FALSE
at 0 ps, Instance /tb_idea_single/uut/outtrafo/mul1/ : Warning: NUMERIC_STD.">=": metavalue detected, returning FALSE
at 0 ps, Instance /tb_idea_single/uut/outtrafo/mul1/ : Warning: NUMERIC_STD."=": metavalue detected, returning FALSE
Finished circuit initialization process.
at 0 ps, Instance /tb_idea_single/uut/round1/mul0/ : Warning: NUMERIC_STD.">=": metavalue detected, returning FALSE
at 0 ps, Instance /tb_idea_single/uut/round1/mul0/ : Warning: NUMERIC_STD."=": metavalue detected, returning FALSE
at 0 ps, Instance /tb_idea_single/uut/outtrafo/mul0/ : Warning: NUMERIC_STD.">=": metavalue detected, returning FALSE
at 0 ps, Instance /tb_idea_single/uut/outtrafo/mul0/ : Warning: NUMERIC_STD."=": metavalue detected, returning FALSE
at 0 ps, Instance /tb_idea_single/uut/round1/mul1/ : Warning: NUMERIC_STD.">=": metavalue detected, returning FALSE
at 0 ps, Instance /tb_idea_single/uut/round1/mul1/ : Warning: NUMERIC_STD."=": metavalue detected, returning FALSE
at 0 ps, Instance /tb_idea_single/uut/outtrafo/mul1/ : Warning: NUMERIC_STD.">=": metavalue detected, returning FALSE
at 0 ps, Instance /tb_idea_single/uut/outtrafo/mul1/ : Warning: NUMERIC_STD."=": metavalue detected, returning FALSE
at 0 ps, Instance /tb_idea_single/uut/round1/mul2/ : Warning: NUMERIC_STD.">=": metavalue detected, returning FALSE
at 0 ps, Instance /tb_idea_single/uut/round1/mul2/ : Warning: NUMERIC_STD."=": metavalue detected, returning FALSE
at 0 ps, Instance /tb_idea_single/uut/round1/mul3/ : Warning: NUMERIC_STD.">=": metavalue detected, returning FALSE
at 0 ps, Instance /tb_idea_single/uut/round1/mul3/ : Warning: NUMERIC_STD."=": metavalue detected, returning FALSE
at 0 ps, Instance /tb_idea_single/uut/round1/mul0/ : Warning: NUMERIC_STD.">=": metavalue detected, returning FALSE
at 0 ps, Instance /tb_idea_single/uut/round1/mul0/ : Warning: NUMERIC_STD."=": metavalue detected, returning FALSE
at 0 ps, Instance /tb_idea_single/uut/round1/mul1/ : Warning: NUMERIC_STD.">=": metavalue detected, returning FALSE
at 0 ps, Instance /tb_idea_single/uut/round1/mul1/ : Warning: NUMERIC_STD."=": metavalue detected, returning FALSE
at 0 ps, Instance /tb_idea_single/uut/round1/mul2/ : Warning: NUMERIC_STD.">=": metavalue detected, returning FALSE
at 0 ps, Instance /tb_idea_single/uut/round1/mul2/ : Warning: NUMERIC_STD."=": metavalue detected, returning FALSE
ISim P.20131013 (signature 0xfbc00daa)
----------------------------------------------------------------------
INFO:Security:61 - The XILINXD_LICENSE_FILE environment variable is not set.
INFO:Security:63 - The LM_LICENSE_FILE environment variable is not set.
INFO:Security:68 - For more information or for assistance in obtaining 
 a license, please run the Xilinx License Configuration Manager
       (xlcm or "Manage Xilinx Licenses".)
INFO:Security:68a - user is ise, on host localhost.localdomain.
INFO:Security:15 - A feature for ISIM was found but is for the wrong hostid.
ERROR:Security:14 - No feature was available for 'ISIM'.

Invalid host.
 The hostid of this system does not match the hostid
 specified in the license file.
Feature:       ISIM
Hostid:        08002768c935
License path:  /home/ise/.Xilinx/Xilinx.lic:/opt/Xilinx/14.7/ISE_DS/ISE//data/*.lic:/opt/Xilinx/14.7/ISE_DS/ISE//coregen/core_licenses/Xilinx.lic:/opt/Xilinx/14.7/ISE_DS/ISE//coregen/core_licenses/XilinxFree.lic:/opt/Xilinx/14.7/ISE_DS/EDK/data/core_licenses/Xilinx.lic:
FLEXnet Licensing error:-9,57
For further information, refer to the FLEXnet Licensing documentation,
available at "www.flexerasoftware.com".
----------------------------------------------------------------------
WARNING: A full ISim License cannot be checked out due to the issues listed above. Please use Xilinx License Configuration Manager to fix these issues in order to check out a full ISim license.
WARNING: ISim will run in Lite mode. Please refer to the ISim documentation for more information on the differences between the Lite and the Full version.
This is a Lite version of ISim.
# run 1000 ns
Simulator is doing circuit initialization process.
at 0 ps, Instance /tb_idea_single/uut/round1/mul0/ : Warning: NUMERIC_STD.">=": metavalue detected, returning FALSE
at 0 ps, Instance /tb_idea_single/uut/round1/mul0/ : Warning: NUMERIC_STD."=": metavalue detected, returning FALSE
at 0 ps, Instance /tb_idea_single/uut/round1/add0/ : Warning: There is an 'U'|'X'|'W'|'Z'|'-' in an arithmetic operand, the result will be 'X'(es).
at 0 ps, Instance /tb_idea_single/uut/round1/mul1/ : Warning: NUMERIC_STD.">=": metavalue detected, returning FALSE
at 0 ps, Instance /tb_idea_single/uut/round1/mul1/ : Warning: NUMERIC_STD."=": metavalue detected, returning FALSE
at 0 ps, Instance /tb_idea_single/uut/round1/mul2/ : Warning: NUMERIC_STD.">=": metavalue detected, returning FALSE
at 0 ps, Instance /tb_idea_single/uut/round1/mul2/ : Warning: NUMERIC_STD."=": metavalue detected, returning FALSE
at 0 ps, Instance /tb_idea_single/uut/round1/mul3/ : Warning: NUMERIC_STD.">=": metavalue detected, returning FALSE
at 0 ps, Instance /tb_idea_single/uut/round1/mul3/ : Warning: NUMERIC_STD."=": metavalue detected, returning FALSE
at 0 ps, Instance /tb_idea_single/uut/outtrafo/mul0/ : Warning: NUMERIC_STD.">=": metavalue detected, returning FALSE
at 0 ps, Instance /tb_idea_single/uut/outtrafo/mul0/ : Warning: NUMERIC_STD."=": metavalue detected, returning FALSE
at 0 ps, Instance /tb_idea_single/uut/outtrafo/mul1/ : Warning: NUMERIC_STD.">=": metavalue detected, returning FALSE
at 0 ps, Instance /tb_idea_single/uut/outtrafo/mul1/ : Warning: NUMERIC_STD."=": metavalue detected, returning FALSE
Finished circuit initialization process.
at 0 ps, Instance /tb_idea_single/uut/round1/mul0/ : Warning: NUMERIC_STD.">=": metavalue detected, returning FALSE
at 0 ps, Instance /tb_idea_single/uut/round1/mul0/ : Warning: NUMERIC_STD."=": metavalue detected, returning FALSE
at 0 ps, Instance /tb_idea_single/uut/outtrafo/mul0/ : Warning: NUMERIC_STD.">=": metavalue detected, returning FALSE
at 0 ps, Instance /tb_idea_single/uut/outtrafo/mul0/ : Warning: NUMERIC_STD."=": metavalue detected, returning FALSE
at 0 ps, Instance /tb_idea_single/uut/round1/mul1/ : Warning: NUMERIC_STD.">=": metavalue detected, returning FALSE
at 0 ps, Instance /tb_idea_single/uut/round1/mul1/ : Warning: NUMERIC_STD."=": metavalue detected, returning FALSE
at 0 ps, Instance /tb_idea_single/uut/outtrafo/mul1/ : Warning: NUMERIC_STD.">=": metavalue detected, returning FALSE
at 0 ps, Instance /tb_idea_single/uut/outtrafo/mul1/ : Warning: NUMERIC_STD."=": metavalue detected, returning FALSE
at 0 ps, Instance /tb_idea_single/uut/round1/mul2/ : Warning: NUMERIC_STD.">=": metavalue detected, returning FALSE
at 0 ps, Instance /tb_idea_single/uut/round1/mul2/ : Warning: NUMERIC_STD."=": metavalue detected, returning FALSE
at 0 ps, Instance /tb_idea_single/uut/round1/mul3/ : Warning: NUMERIC_STD.">=": metavalue detected, returning FALSE
at 0 ps, Instance /tb_idea_single/uut/round1/mul3/ : Warning: NUMERIC_STD."=": metavalue detected, returning FALSE
at 0 ps, Instance /tb_idea_single/uut/round1/mul0/ : Warning: NUMERIC_STD.">=": metavalue detected, returning FALSE
at 0 ps, Instance /tb_idea_single/uut/round1/mul0/ : Warning: NUMERIC_STD."=": metavalue detected, returning FALSE
at 0 ps, Instance /tb_idea_single/uut/round1/mul1/ : Warning: NUMERIC_STD.">=": metavalue detected, returning FALSE
at 0 ps, Instance /tb_idea_single/uut/round1/mul1/ : Warning: NUMERIC_STD."=": metavalue detected, returning FALSE
at 0 ps, Instance /tb_idea_single/uut/round1/mul2/ : Warning: NUMERIC_STD.">=": metavalue detected, returning FALSE
at 0 ps, Instance /tb_idea_single/uut/round1/mul2/ : Warning: NUMERIC_STD."=": metavalue detected, returning FALSE
# restart
ISim P.20131013 (signature 0xfbc00daa)
----------------------------------------------------------------------
INFO:Security:61 - The XILINXD_LICENSE_FILE environment variable is not set.
INFO:Security:63 - The LM_LICENSE_FILE environment variable is not set.
INFO:Security:68 - For more information or for assistance in obtaining 
 a license, please run the Xilinx License Configuration Manager
       (xlcm or "Manage Xilinx Licenses".)
INFO:Security:68a - user is ise, on host localhost.localdomain.
INFO:Security:15 - A feature for ISIM was found but is for the wrong hostid.
ERROR:Security:14 - No feature was available for 'ISIM'.

Invalid host.
 The hostid of this system does not match the hostid
 specified in the license file.
Feature:       ISIM
Hostid:        08002768c935
License path:  /home/ise/.Xilinx/Xilinx.lic:/opt/Xilinx/14.7/ISE_DS/ISE//data/*.lic:/opt/Xilinx/14.7/ISE_DS/ISE//coregen/core_licenses/Xilinx.lic:/opt/Xilinx/14.7/ISE_DS/ISE//coregen/core_licenses/XilinxFree.lic:/opt/Xilinx/14.7/ISE_DS/EDK/data/core_licenses/Xilinx.lic:
FLEXnet Licensing error:-9,57
For further information, refer to the FLEXnet Licensing documentation,
available at "www.flexerasoftware.com".
----------------------------------------------------------------------
WARNING: A full ISim License cannot be checked out due to the issues listed above. Please use Xilinx License Configuration Manager to fix these issues in order to check out a full ISim license.
WARNING: ISim will run in Lite mode. Please refer to the ISim documentation for more information on the differences between the Lite and the Full version.
This is a Lite version of ISim.
# run 1000 ns
Simulator is doing circuit initialization process.
at 0 ps, Instance /tb_idea_single/uut/round1/mul0/ : Warning: NUMERIC_STD.">=": metavalue detected, returning FALSE
at 0 ps, Instance /tb_idea_single/uut/round1/mul0/ : Warning: NUMERIC_STD."=": metavalue detected, returning FALSE
at 0 ps, Instance /tb_idea_single/uut/round1/add0/ : Warning: There is an 'U'|'X'|'W'|'Z'|'-' in an arithmetic operand, the result will be 'X'(es).
at 0 ps, Instance /tb_idea_single/uut/round1/mul1/ : Warning: NUMERIC_STD.">=": metavalue detected, returning FALSE
at 0 ps, Instance /tb_idea_single/uut/round1/mul1/ : Warning: NUMERIC_STD."=": metavalue detected, returning FALSE
at 0 ps, Instance /tb_idea_single/uut/round1/mul2/ : Warning: NUMERIC_STD.">=": metavalue detected, returning FALSE
at 0 ps, Instance /tb_idea_single/uut/round1/mul2/ : Warning: NUMERIC_STD."=": metavalue detected, returning FALSE
at 0 ps, Instance /tb_idea_single/uut/round1/mul3/ : Warning: NUMERIC_STD.">=": metavalue detected, returning FALSE
at 0 ps, Instance /tb_idea_single/uut/round1/mul3/ : Warning: NUMERIC_STD."=": metavalue detected, returning FALSE
at 0 ps, Instance /tb_idea_single/uut/outtrafo/mul0/ : Warning: NUMERIC_STD.">=": metavalue detected, returning FALSE
at 0 ps, Instance /tb_idea_single/uut/outtrafo/mul0/ : Warning: NUMERIC_STD."=": metavalue detected, returning FALSE
at 0 ps, Instance /tb_idea_single/uut/outtrafo/mul1/ : Warning: NUMERIC_STD.">=": metavalue detected, returning FALSE
at 0 ps, Instance /tb_idea_single/uut/outtrafo/mul1/ : Warning: NUMERIC_STD."=": metavalue detected, returning FALSE
Finished circuit initialization process.
at 0 ps, Instance /tb_idea_single/uut/round1/mul0/ : Warning: NUMERIC_STD.">=": metavalue detected, returning FALSE
at 0 ps, Instance /tb_idea_single/uut/round1/mul0/ : Warning: NUMERIC_STD."=": metavalue detected, returning FALSE
at 0 ps, Instance /tb_idea_single/uut/outtrafo/mul0/ : Warning: NUMERIC_STD.">=": metavalue detected, returning FALSE
at 0 ps, Instance /tb_idea_single/uut/outtrafo/mul0/ : Warning: NUMERIC_STD."=": metavalue detected, returning FALSE
at 0 ps, Instance /tb_idea_single/uut/round1/mul1/ : Warning: NUMERIC_STD.">=": metavalue detected, returning FALSE
at 0 ps, Instance /tb_idea_single/uut/round1/mul1/ : Warning: NUMERIC_STD."=": metavalue detected, returning FALSE
at 0 ps, Instance /tb_idea_single/uut/outtrafo/mul1/ : Warning: NUMERIC_STD.">=": metavalue detected, returning FALSE
at 0 ps, Instance /tb_idea_single/uut/outtrafo/mul1/ : Warning: NUMERIC_STD."=": metavalue detected, returning FALSE
at 0 ps, Instance /tb_idea_single/uut/round1/mul2/ : Warning: NUMERIC_STD.">=": metavalue detected, returning FALSE
at 0 ps, Instance /tb_idea_single/uut/round1/mul2/ : Warning: NUMERIC_STD."=": metavalue detected, returning FALSE
at 0 ps, Instance /tb_idea_single/uut/round1/mul3/ : Warning: NUMERIC_STD.">=": metavalue detected, returning FALSE
at 0 ps, Instance /tb_idea_single/uut/round1/mul3/ : Warning: NUMERIC_STD."=": metavalue detected, returning FALSE
at 0 ps, Instance /tb_idea_single/uut/round1/mul0/ : Warning: NUMERIC_STD.">=": metavalue detected, returning FALSE
at 0 ps, Instance /tb_idea_single/uut/round1/mul0/ : Warning: NUMERIC_STD."=": metavalue detected, returning FALSE
at 0 ps, Instance /tb_idea_single/uut/round1/mul1/ : Warning: NUMERIC_STD.">=": metavalue detected, returning FALSE
at 0 ps, Instance /tb_idea_single/uut/round1/mul1/ : Warning: NUMERIC_STD."=": metavalue detected, returning FALSE
at 0 ps, Instance /tb_idea_single/uut/round1/mul2/ : Warning: NUMERIC_STD.">=": metavalue detected, returning FALSE
at 0 ps, Instance /tb_idea_single/uut/round1/mul2/ : Warning: NUMERIC_STD."=": metavalue detected, returning FALSE
# restart
# run all
Simulator is doing circuit initialization process.
at 0 ps, Instance /tb_idea_single/uut/round1/mul0/ : Warning: NUMERIC_STD.">=": metavalue detected, returning FALSE
at 0 ps, Instance /tb_idea_single/uut/round1/mul0/ : Warning: NUMERIC_STD."=": metavalue detected, returning FALSE
at 0 ps, Instance /tb_idea_single/uut/round1/mul1/ : Warning: NUMERIC_STD.">=": metavalue detected, returning FALSE
at 0 ps, Instance /tb_idea_single/uut/round1/mul1/ : Warning: NUMERIC_STD."=": metavalue detected, returning FALSE
at 0 ps, Instance /tb_idea_single/uut/round1/mul2/ : Warning: NUMERIC_STD.">=": metavalue detected, returning FALSE
at 0 ps, Instance /tb_idea_single/uut/round1/mul2/ : Warning: NUMERIC_STD."=": metavalue detected, returning FALSE
at 0 ps, Instance /tb_idea_single/uut/round1/mul3/ : Warning: NUMERIC_STD.">=": metavalue detected, returning FALSE
at 0 ps, Instance /tb_idea_single/uut/round1/mul3/ : Warning: NUMERIC_STD."=": metavalue detected, returning FALSE
at 0 ps, Instance /tb_idea_single/uut/outtrafo/mul0/ : Warning: NUMERIC_STD.">=": metavalue detected, returning FALSE
at 0 ps, Instance /tb_idea_single/uut/outtrafo/mul0/ : Warning: NUMERIC_STD."=": metavalue detected, returning FALSE
at 0 ps, Instance /tb_idea_single/uut/outtrafo/mul1/ : Warning: NUMERIC_STD.">=": metavalue detected, returning FALSE
at 0 ps, Instance /tb_idea_single/uut/outtrafo/mul1/ : Warning: NUMERIC_STD."=": metavalue detected, returning FALSE
Finished circuit initialization process.
at 0 ps, Instance /tb_idea_single/uut/round1/mul0/ : Warning: NUMERIC_STD.">=": metavalue detected, returning FALSE
at 0 ps, Instance /tb_idea_single/uut/round1/mul0/ : Warning: NUMERIC_STD."=": metavalue detected, returning FALSE
at 0 ps, Instance /tb_idea_single/uut/outtrafo/mul0/ : Warning: NUMERIC_STD.">=": metavalue detected, returning FALSE
at 0 ps, Instance /tb_idea_single/uut/outtrafo/mul0/ : Warning: NUMERIC_STD."=": metavalue detected, returning FALSE
at 0 ps, Instance /tb_idea_single/uut/round1/mul1/ : Warning: NUMERIC_STD.">=": metavalue detected, returning FALSE
at 0 ps, Instance /tb_idea_single/uut/round1/mul1/ : Warning: NUMERIC_STD."=": metavalue detected, returning FALSE
at 0 ps, Instance /tb_idea_single/uut/outtrafo/mul1/ : Warning: NUMERIC_STD.">=": metavalue detected, returning FALSE
at 0 ps, Instance /tb_idea_single/uut/outtrafo/mul1/ : Warning: NUMERIC_STD."=": metavalue detected, returning FALSE
at 0 ps, Instance /tb_idea_single/uut/round1/mul2/ : Warning: NUMERIC_STD.">=": metavalue detected, returning FALSE
at 0 ps, Instance /tb_idea_single/uut/round1/mul2/ : Warning: NUMERIC_STD."=": metavalue detected, returning FALSE
at 0 ps, Instance /tb_idea_single/uut/round1/mul3/ : Warning: NUMERIC_STD.">=": metavalue detected, returning FALSE
at 0 ps, Instance /tb_idea_single/uut/round1/mul3/ : Warning: NUMERIC_STD."=": metavalue detected, returning FALSE
at 0 ps, Instance /tb_idea_single/uut/round1/mul0/ : Warning: NUMERIC_STD.">=": metavalue detected, returning FALSE
at 0 ps, Instance /tb_idea_single/uut/round1/mul0/ : Warning: NUMERIC_STD."=": metavalue detected, returning FALSE
at 0 ps, Instance /tb_idea_single/uut/round1/mul1/ : Warning: NUMERIC_STD.">=": metavalue detected, returning FALSE
at 0 ps, Instance /tb_idea_single/uut/round1/mul1/ : Warning: NUMERIC_STD."=": metavalue detected, returning FALSE
at 0 ps, Instance /tb_idea_single/uut/round1/mul2/ : Warning: NUMERIC_STD.">=": metavalue detected, returning FALSE
at 0 ps, Instance /tb_idea_single/uut/round1/mul2/ : Warning: NUMERIC_STD."=": metavalue detected, returning FALSE
Stopped at time : 57695 ns : File "/home/ise/VHDL_Lab_workspace/VHDL_System_Design_Lab/submit/rcs1/mulop.vhd" Line 48
