Command line:
   tb_control_isim_beh.exe
     -simmode  gui
     -simrunnum  0
     -socket  42459

Sat Nov 22 20:07:07 2025


 Elaboration Time: 0.37 sec

 Current Memory Usage: 215.265 Meg

 Total Signals          : 14
 Total Nets             : 11
 Total Signal Drivers   : 8
 Total Blocks           : 3
 Total Primitive Blocks : 2
 Total Processes        : 4
 Total Traceable Variables  : 9
 Total Scalar Nets and Variables : 372
Total Line Count : 65

 Total Simulation Time: 0.39 sec

 Current Memory Usage: 292.864 Meg

Sat Nov 22 20:09:55 2025

